<?xml version="1.0" encoding="UTF-8"?>
<!-- Generated by org.testng.reporters.JUnitReportReporter -->
<testsuite hostname="LAPTOP-2PTSSEC5" name="Academy.Homepage" tests="2" failures="0" timestamp="26 Sep 2020 13:08:59 GMT" time="21.326" errors="0">
  <testcase name="hompage" time="3.103" classname="Academy.Homepage"/>
  <testcase name="hompage" time="18.223" classname="Academy.Homepage"/>
</testsuite> <!-- Academy.Homepage -->
