<?xml version="1.0" encoding="UTF-8"?>
<!-- Generated by org.testng.reporters.JUnitReportReporter -->
<testsuite hostname="LAPTOP-2PTSSEC5" name="cucumberOptions.TestRunner" tests="2" failures="0" timestamp="25 Sep 2020 13:00:40 GMT" time="46.165" errors="0">
  <testcase name="runScenario" time="23.297" classname="cucumberOptions.TestRunner"/>
  <testcase name="runScenario" time="22.868" classname="cucumberOptions.TestRunner"/>
</testsuite> <!-- cucumberOptions.TestRunner -->
