<?xml version="1.0" encoding="UTF-8"?>
<!-- Generated by org.testng.reporters.JUnitReportReporter -->
<testsuite hostname="LAPTOP-2PTSSEC5" name="Academy.flashtest" tests="1" failures="0" timestamp="7 Aug 2020 05:58:31 GMT" time="6.420" errors="0">
  <testcase name="validateNavigation" time="6.420" classname="Academy.flashtest"/>
</testsuite> <!-- Academy.flashtest -->
