<?xml version="1.0" encoding="UTF-8"?>
<!-- Generated by org.testng.reporters.JUnitReportReporter -->
<testsuite hostname="LAPTOP-2PTSSEC5" name="Academy.ValidateNavigation" tests="1" failures="0" timestamp="26 Sep 2020 13:08:59 GMT" time="0.300" errors="0">
  <testcase name="validateNavigation" time="0.300" classname="Academy.ValidateNavigation"/>
</testsuite> <!-- Academy.ValidateNavigation -->
