<?xml version="1.0" encoding="UTF-8"?>
<!-- Generated by org.testng.reporters.JUnitReportReporter -->
<testsuite skipped="0" hostname="inbl01lap04326" name="Academy.ValidateNavigation" tests="1" failures="0" timestamp="04 May 2021 07:44:46 GMT" time="0.141" errors="0">
  <testcase name="validateNavigation" time="0.141" classname="Academy.ValidateNavigation"/>
</testsuite> <!-- Academy.ValidateNavigation -->
