<?xml version="1.0" encoding="UTF-8"?>
<!-- Generated by org.testng.reporters.JUnitReportReporter -->
<testsuite skipped="0" hostname="LAPTOP-2PTSSEC5" name="cucumberOptions.TestRunner" tests="2" failures="0" timestamp="26 Sep 2020 13:05:49 GMT" time="69.026" errors="0">
  <testcase name="runScenario" time="35.923" classname="cucumberOptions.TestRunner"/>
  <testcase name="runScenario" time="33.103" classname="cucumberOptions.TestRunner"/>
</testsuite> <!-- cucumberOptions.TestRunner -->
