<?xml version="1.0" encoding="UTF-8"?>
<!-- Generated by org.testng.reporters.JUnitReportReporter -->
<testsuite skipped="0" hostname="inbl01lap04326" name="Academy.Homepage" tests="2" failures="0" timestamp="04 May 2021 07:44:46 GMT" time="29.459" errors="0">
  <testcase name="hompage" time="26.179" classname="Academy.Homepage"/>
  <testcase name="hompage" time="3.280" classname="Academy.Homepage"/>
</testsuite> <!-- Academy.Homepage -->
